c:\users\xcs\documents\visual studio 2015\projects\snowscape\snowscape\debug\vc140.pdb
c:\users\xcs\documents\visual studio 2015\projects\snowscape\snowscape\debug\vc140.idb
c:\users\xcs\documents\visual studio 2015\projects\snowscape\snowscape\debug\shader.obj
c:\users\xcs\documents\visual studio 2015\projects\snowscape\snowscape\debug\quaternion_utils.obj
c:\users\xcs\documents\visual studio 2015\projects\snowscape\snowscape\debug\tangentspace.obj
c:\users\xcs\documents\visual studio 2015\projects\snowscape\snowscape\debug\text2d.obj
c:\users\xcs\documents\visual studio 2015\projects\snowscape\snowscape\debug\vboindexer.obj
c:\users\xcs\documents\visual studio 2015\projects\snowscape\snowscape\debug\controls.obj
c:\users\xcs\documents\visual studio 2015\projects\snowscape\snowscape\debug\objloader.obj
c:\users\xcs\documents\visual studio 2015\projects\snowscape\snowscape\debug\texture.obj
c:\users\xcs\documents\visual studio 2015\projects\snowscape\debug\snowscape.pdb
c:\users\xcs\documents\visual studio 2015\projects\snowscape\snowscape\debug\snowscape.tlog\cl.command.1.tlog
c:\users\xcs\documents\visual studio 2015\projects\snowscape\snowscape\debug\snowscape.tlog\cl.read.1.tlog
c:\users\xcs\documents\visual studio 2015\projects\snowscape\snowscape\debug\snowscape.tlog\cl.write.1.tlog
c:\users\xcs\documents\visual studio 2015\projects\snowscape\snowscape\debug\snowscape.tlog\link.12188-cvtres.read.1.tlog
c:\users\xcs\documents\visual studio 2015\projects\snowscape\snowscape\debug\snowscape.tlog\link.12188-cvtres.write.1.tlog
c:\users\xcs\documents\visual studio 2015\projects\snowscape\snowscape\debug\snowscape.tlog\link.12188-rc.read.1.tlog
c:\users\xcs\documents\visual studio 2015\projects\snowscape\snowscape\debug\snowscape.tlog\link.12188-rc.write.1.tlog
c:\users\xcs\documents\visual studio 2015\projects\snowscape\snowscape\debug\snowscape.tlog\link.12188.read.1.tlog
c:\users\xcs\documents\visual studio 2015\projects\snowscape\snowscape\debug\snowscape.tlog\link.12188.write.1.tlog
c:\users\xcs\documents\visual studio 2015\projects\snowscape\snowscape\debug\snowscape.tlog\link.command.1.tlog
c:\users\xcs\documents\visual studio 2015\projects\snowscape\snowscape\debug\snowscape.tlog\link.read.1.tlog
c:\users\xcs\documents\visual studio 2015\projects\snowscape\snowscape\debug\snowscape.tlog\link.write.1.tlog
